<?xml version="1.0" encoding="UTF-8"?>
<testsuite xmlns:xsi="http://www.w3.org/2001/XMLSchema-instance" xsi:noNamespaceSchemaLocation="https://maven.apache.org/surefire/maven-surefire-plugin/xsd/surefire-test-report-3.0.xsd" version="3.0" name="com.School.SchoolManagementSystemApplicationTests" time="20.121" tests="1" errors="0" skipped="0" failures="0">
  <properties>
    <property name="java.specification.version" value="17"/>
    <property name="sun.cpu.isalist" value="amd64"/>
    <property name="sun.jnu.encoding" value="Cp1252"/>
    <property name="java.class.path" value="D:\Back-end\SchoolManagementSystem-main\SchoolManagementSystem-main\target\test-classes;D:\Back-end\SchoolManagementSystem-main\SchoolManagementSystem-main\target\classes;C:\Users\Neural_Bridge_Ai_J\.m2\repository\org\hibernate\validator\hibernate-validator\8.0.1.Final\hibernate-validator-8.0.1.Final.jar;C:\Users\Neural_Bridge_Ai_J\.m2\repository\jakarta\validation\jakarta.validation-api\3.0.2\jakarta.validation-api-3.0.2.jar;C:\Users\Neural_Bridge_Ai_J\.m2\repository\org\jboss\logging\jboss-logging\3.5.3.Final\jboss-logging-3.5.3.Final.jar;C:\Users\Neural_Bridge_Ai_J\.m2\repository\com\fasterxml\classmate\1.6.0\classmate-1.6.0.jar;C:\Users\Neural_Bridge_Ai_J\.m2\repository\org\slf4j\slf4j-api\2.0.13\slf4j-api-2.0.13.jar;C:\Users\Neural_Bridge_Ai_J\.m2\repository\ch\qos\logback\logback-classic\1.4.14\logback-classic-1.4.14.jar;C:\Users\Neural_Bridge_Ai_J\.m2\repository\ch\qos\logback\logback-core\1.4.14\logback-core-1.4.14.jar;C:\Users\Neural_Bridge_Ai_J\.m2\repository\org\springframework\boot\spring-boot-starter-data-jpa\3.2.7\spring-boot-starter-data-jpa-3.2.7.jar;C:\Users\Neural_Bridge_Ai_J\.m2\repository\org\springframework\boot\spring-boot-starter-aop\3.2.7\spring-boot-starter-aop-3.2.7.jar;C:\Users\Neural_Bridge_Ai_J\.m2\repository\org\aspectj\aspectjweaver\1.9.22\aspectjweaver-1.9.22.jar;C:\Users\Neural_Bridge_Ai_J\.m2\repository\org\springframework\boot\spring-boot-starter-jdbc\3.2.7\spring-boot-starter-jdbc-3.2.7.jar;C:\Users\Neural_Bridge_Ai_J\.m2\repository\com\zaxxer\HikariCP\5.0.1\HikariCP-5.0.1.jar;C:\Users\Neural_Bridge_Ai_J\.m2\repository\org\springframework\spring-jdbc\6.1.10\spring-jdbc-6.1.10.jar;C:\Users\Neural_Bridge_Ai_J\.m2\repository\org\hibernate\orm\hibernate-core\6.4.9.Final\hibernate-core-6.4.9.Final.jar;C:\Users\Neural_Bridge_Ai_J\.m2\repository\jakarta\persistence\jakarta.persistence-api\3.1.0\jakarta.persistence-api-3.1.0.jar;C:\Users\Neural_Bridge_Ai_J\.m2\repository\jakarta\transaction\jakarta.transaction-api\2.0.1\jakarta.transaction-api-2.0.1.jar;C:\Users\Neural_Bridge_Ai_J\.m2\repository\org\hibernate\common\hibernate-commons-annotations\6.0.6.Final\hibernate-commons-annotations-6.0.6.Final.jar;C:\Users\Neural_Bridge_Ai_J\.m2\repository\io\smallrye\jandex\3.1.2\jandex-3.1.2.jar;C:\Users\Neural_Bridge_Ai_J\.m2\repository\net\bytebuddy\byte-buddy\1.14.17\byte-buddy-1.14.17.jar;C:\Users\Neural_Bridge_Ai_J\.m2\repository\org\glassfish\jaxb\jaxb-runtime\4.0.5\jaxb-runtime-4.0.5.jar;C:\Users\Neural_Bridge_Ai_J\.m2\repository\org\glassfish\jaxb\jaxb-core\4.0.5\jaxb-core-4.0.5.jar;C:\Users\Neural_Bridge_Ai_J\.m2\repository\org\eclipse\angus\angus-activation\2.0.2\angus-activation-2.0.2.jar;C:\Users\Neural_Bridge_Ai_J\.m2\repository\org\glassfish\jaxb\txw2\4.0.5\txw2-4.0.5.jar;C:\Users\Neural_Bridge_Ai_J\.m2\repository\com\sun\istack\istack-commons-runtime\4.1.2\istack-commons-runtime-4.1.2.jar;C:\Users\Neural_Bridge_Ai_J\.m2\repository\jakarta\inject\jakarta.inject-api\2.0.1\jakarta.inject-api-2.0.1.jar;C:\Users\Neural_Bridge_Ai_J\.m2\repository\org\antlr\antlr4-runtime\4.13.0\antlr4-runtime-4.13.0.jar;C:\Users\Neural_Bridge_Ai_J\.m2\repository\org\springframework\data\spring-data-jpa\3.2.7\spring-data-jpa-3.2.7.jar;C:\Users\Neural_Bridge_Ai_J\.m2\repository\org\springframework\data\spring-data-commons\3.2.7\spring-data-commons-3.2.7.jar;C:\Users\Neural_Bridge_Ai_J\.m2\repository\org\springframework\spring-orm\6.1.10\spring-orm-6.1.10.jar;C:\Users\Neural_Bridge_Ai_J\.m2\repository\org\springframework\spring-context\6.1.10\spring-context-6.1.10.jar;C:\Users\Neural_Bridge_Ai_J\.m2\repository\org\springframework\spring-tx\6.1.10\spring-tx-6.1.10.jar;C:\Users\Neural_Bridge_Ai_J\.m2\repository\org\springframework\spring-beans\6.1.10\spring-beans-6.1.10.jar;C:\Users\Neural_Bridge_Ai_J\.m2\repository\jakarta\annotation\jakarta.annotation-api\2.1.1\jakarta.annotation-api-2.1.1.jar;C:\Users\Neural_Bridge_Ai_J\.m2\repository\org\springframework\spring-aspects\6.1.10\spring-aspects-6.1.10.jar;C:\Users\Neural_Bridge_Ai_J\.m2\repository\org\springframework\boot\spring-boot-starter-security\3.2.7\spring-boot-starter-security-3.2.7.jar;C:\Users\Neural_Bridge_Ai_J\.m2\repository\org\springframework\boot\spring-boot-starter\3.2.7\spring-boot-starter-3.2.7.jar;C:\Users\Neural_Bridge_Ai_J\.m2\repository\org\springframework\boot\spring-boot-starter-logging\3.2.7\spring-boot-starter-logging-3.2.7.jar;C:\Users\Neural_Bridge_Ai_J\.m2\repository\org\apache\logging\log4j\log4j-to-slf4j\2.21.1\log4j-to-slf4j-2.21.1.jar;C:\Users\Neural_Bridge_Ai_J\.m2\repository\org\apache\logging\log4j\log4j-api\2.21.1\log4j-api-2.21.1.jar;C:\Users\Neural_Bridge_Ai_J\.m2\repository\org\slf4j\jul-to-slf4j\2.0.13\jul-to-slf4j-2.0.13.jar;C:\Users\Neural_Bridge_Ai_J\.m2\repository\org\yaml\snakeyaml\2.2\snakeyaml-2.2.jar;C:\Users\Neural_Bridge_Ai_J\.m2\repository\org\springframework\spring-aop\6.1.10\spring-aop-6.1.10.jar;C:\Users\Neural_Bridge_Ai_J\.m2\repository\org\springframework\security\spring-security-config\6.2.5\spring-security-config-6.2.5.jar;C:\Users\Neural_Bridge_Ai_J\.m2\repository\org\springframework\security\spring-security-web\6.2.5\spring-security-web-6.2.5.jar;C:\Users\Neural_Bridge_Ai_J\.m2\repository\org\springframework\spring-expression\6.1.10\spring-expression-6.1.10.jar;C:\Users\Neural_Bridge_Ai_J\.m2\repository\io\jsonwebtoken\jjwt-api\0.11.5\jjwt-api-0.11.5.jar;C:\Users\Neural_Bridge_Ai_J\.m2\repository\io\jsonwebtoken\jjwt-impl\0.11.5\jjwt-impl-0.11.5.jar;C:\Users\Neural_Bridge_Ai_J\.m2\repository\io\jsonwebtoken\jjwt-jackson\0.11.5\jjwt-jackson-0.11.5.jar;C:\Users\Neural_Bridge_Ai_J\.m2\repository\com\fasterxml\jackson\core\jackson-databind\2.15.4\jackson-databind-2.15.4.jar;C:\Users\Neural_Bridge_Ai_J\.m2\repository\com\fasterxml\jackson\core\jackson-annotations\2.15.4\jackson-annotations-2.15.4.jar;C:\Users\Neural_Bridge_Ai_J\.m2\repository\com\fasterxml\jackson\core\jackson-core\2.15.4\jackson-core-2.15.4.jar;C:\Users\Neural_Bridge_Ai_J\.m2\repository\org\springframework\boot\spring-boot-starter-web\3.2.7\spring-boot-starter-web-3.2.7.jar;C:\Users\Neural_Bridge_Ai_J\.m2\repository\org\springframework\boot\spring-boot-starter-json\3.2.7\spring-boot-starter-json-3.2.7.jar;C:\Users\Neural_Bridge_Ai_J\.m2\repository\com\fasterxml\jackson\datatype\jackson-datatype-jdk8\2.15.4\jackson-datatype-jdk8-2.15.4.jar;C:\Users\Neural_Bridge_Ai_J\.m2\repository\com\fasterxml\jackson\datatype\jackson-datatype-jsr310\2.15.4\jackson-datatype-jsr310-2.15.4.jar;C:\Users\Neural_Bridge_Ai_J\.m2\repository\com\fasterxml\jackson\module\jackson-module-parameter-names\2.15.4\jackson-module-parameter-names-2.15.4.jar;C:\Users\Neural_Bridge_Ai_J\.m2\repository\org\springframework\boot\spring-boot-starter-tomcat\3.2.7\spring-boot-starter-tomcat-3.2.7.jar;C:\Users\Neural_Bridge_Ai_J\.m2\repository\org\apache\tomcat\embed\tomcat-embed-core\10.1.25\tomcat-embed-core-10.1.25.jar;C:\Users\Neural_Bridge_Ai_J\.m2\repository\org\apache\tomcat\embed\tomcat-embed-el\10.1.25\tomcat-embed-el-10.1.25.jar;C:\Users\Neural_Bridge_Ai_J\.m2\repository\org\apache\tomcat\embed\tomcat-embed-websocket\10.1.25\tomcat-embed-websocket-10.1.25.jar;C:\Users\Neural_Bridge_Ai_J\.m2\repository\org\springframework\spring-web\6.1.10\spring-web-6.1.10.jar;C:\Users\Neural_Bridge_Ai_J\.m2\repository\io\micrometer\micrometer-observation\1.12.7\micrometer-observation-1.12.7.jar;C:\Users\Neural_Bridge_Ai_J\.m2\repository\io\micrometer\micrometer-commons\1.12.7\micrometer-commons-1.12.7.jar;C:\Users\Neural_Bridge_Ai_J\.m2\repository\org\springframework\spring-webmvc\6.1.10\spring-webmvc-6.1.10.jar;C:\Users\Neural_Bridge_Ai_J\.m2\repository\org\springframework\boot\spring-boot-devtools\3.2.7\spring-boot-devtools-3.2.7.jar;C:\Users\Neural_Bridge_Ai_J\.m2\repository\org\springframework\boot\spring-boot\3.2.7\spring-boot-3.2.7.jar;C:\Users\Neural_Bridge_Ai_J\.m2\repository\org\springframework\boot\spring-boot-autoconfigure\3.2.7\spring-boot-autoconfigure-3.2.7.jar;C:\Users\Neural_Bridge_Ai_J\.m2\repository\mysql\mysql-connector-java\8.0.30\mysql-connector-java-8.0.30.jar;C:\Users\Neural_Bridge_Ai_J\.m2\repository\com\google\protobuf\protobuf-java\3.19.4\protobuf-java-3.19.4.jar;C:\Users\Neural_Bridge_Ai_J\.m2\repository\org\projectlombok\lombok\1.18.32\lombok-1.18.32.jar;C:\Users\Neural_Bridge_Ai_J\.m2\repository\org\springframework\boot\spring-boot-starter-test\3.2.7\spring-boot-starter-test-3.2.7.jar;C:\Users\Neural_Bridge_Ai_J\.m2\repository\org\springframework\boot\spring-boot-test\3.2.7\spring-boot-test-3.2.7.jar;C:\Users\Neural_Bridge_Ai_J\.m2\repository\org\springframework\boot\spring-boot-test-autoconfigure\3.2.7\spring-boot-test-autoconfigure-3.2.7.jar;C:\Users\Neural_Bridge_Ai_J\.m2\repository\com\jayway\jsonpath\json-path\2.9.0\json-path-2.9.0.jar;C:\Users\Neural_Bridge_Ai_J\.m2\repository\jakarta\xml\bind\jakarta.xml.bind-api\4.0.2\jakarta.xml.bind-api-4.0.2.jar;C:\Users\Neural_Bridge_Ai_J\.m2\repository\jakarta\activation\jakarta.activation-api\2.1.3\jakarta.activation-api-2.1.3.jar;C:\Users\Neural_Bridge_Ai_J\.m2\repository\net\minidev\json-smart\2.5.1\json-smart-2.5.1.jar;C:\Users\Neural_Bridge_Ai_J\.m2\repository\net\minidev\accessors-smart\2.5.1\accessors-smart-2.5.1.jar;C:\Users\Neural_Bridge_Ai_J\.m2\repository\org\ow2\asm\asm\9.6\asm-9.6.jar;C:\Users\Neural_Bridge_Ai_J\.m2\repository\org\assertj\assertj-core\3.24.2\assertj-core-3.24.2.jar;C:\Users\Neural_Bridge_Ai_J\.m2\repository\org\awaitility\awaitility\4.2.1\awaitility-4.2.1.jar;C:\Users\Neural_Bridge_Ai_J\.m2\repository\org\hamcrest\hamcrest\2.2\hamcrest-2.2.jar;C:\Users\Neural_Bridge_Ai_J\.m2\repository\org\junit\jupiter\junit-jupiter\5.10.2\junit-jupiter-5.10.2.jar;C:\Users\Neural_Bridge_Ai_J\.m2\repository\org\junit\jupiter\junit-jupiter-api\5.10.2\junit-jupiter-api-5.10.2.jar;C:\Users\Neural_Bridge_Ai_J\.m2\repository\org\opentest4j\opentest4j\1.3.0\opentest4j-1.3.0.jar;C:\Users\Neural_Bridge_Ai_J\.m2\repository\org\junit\platform\junit-platform-commons\1.10.2\junit-platform-commons-1.10.2.jar;C:\Users\Neural_Bridge_Ai_J\.m2\repository\org\apiguardian\apiguardian-api\1.1.2\apiguardian-api-1.1.2.jar;C:\Users\Neural_Bridge_Ai_J\.m2\repository\org\junit\jupiter\junit-jupiter-params\5.10.2\junit-jupiter-params-5.10.2.jar;C:\Users\Neural_Bridge_Ai_J\.m2\repository\org\junit\jupiter\junit-jupiter-engine\5.10.2\junit-jupiter-engine-5.10.2.jar;C:\Users\Neural_Bridge_Ai_J\.m2\repository\org\junit\platform\junit-platform-engine\1.10.2\junit-platform-engine-1.10.2.jar;C:\Users\Neural_Bridge_Ai_J\.m2\repository\org\mockito\mockito-core\5.7.0\mockito-core-5.7.0.jar;C:\Users\Neural_Bridge_Ai_J\.m2\repository\net\bytebuddy\byte-buddy-agent\1.14.17\byte-buddy-agent-1.14.17.jar;C:\Users\Neural_Bridge_Ai_J\.m2\repository\org\objenesis\objenesis\3.3\objenesis-3.3.jar;C:\Users\Neural_Bridge_Ai_J\.m2\repository\org\mockito\mockito-junit-jupiter\5.7.0\mockito-junit-jupiter-5.7.0.jar;C:\Users\Neural_Bridge_Ai_J\.m2\repository\org\skyscreamer\jsonassert\1.5.1\jsonassert-1.5.1.jar;C:\Users\Neural_Bridge_Ai_J\.m2\repository\com\vaadin\external\google\android-json\0.0.20131108.vaadin1\android-json-0.0.20131108.vaadin1.jar;C:\Users\Neural_Bridge_Ai_J\.m2\repository\org\springframework\spring-core\6.1.10\spring-core-6.1.10.jar;C:\Users\Neural_Bridge_Ai_J\.m2\repository\org\springframework\spring-jcl\6.1.10\spring-jcl-6.1.10.jar;C:\Users\Neural_Bridge_Ai_J\.m2\repository\org\springframework\spring-test\6.1.10\spring-test-6.1.10.jar;C:\Users\Neural_Bridge_Ai_J\.m2\repository\org\xmlunit\xmlunit-core\2.9.1\xmlunit-core-2.9.1.jar;C:\Users\Neural_Bridge_Ai_J\.m2\repository\org\springframework\security\spring-security-test\6.2.5\spring-security-test-6.2.5.jar;C:\Users\Neural_Bridge_Ai_J\.m2\repository\org\springframework\security\spring-security-core\6.2.5\spring-security-core-6.2.5.jar;C:\Users\Neural_Bridge_Ai_J\.m2\repository\org\springframework\security\spring-security-crypto\6.2.5\spring-security-crypto-6.2.5.jar;C:\Users\Neural_Bridge_Ai_J\.m2\repository\com\microsoft\sqlserver\mssql-jdbc\12.4.2.jre11\mssql-jdbc-12.4.2.jre11.jar;"/>
    <property name="java.vm.vendor" value="Oracle Corporation"/>
    <property name="sun.arch.data.model" value="64"/>
    <property name="user.variant" value=""/>
    <property name="java.vendor.url" value="https://java.oracle.com/"/>
    <property name="user.timezone" value="Asia/Calcutta"/>
    <property name="org.jboss.logging.provider" value="slf4j"/>
    <property name="os.name" value="Windows 10"/>
    <property name="java.vm.specification.version" value="17"/>
    <property name="sun.java.launcher" value="SUN_STANDARD"/>
    <property name="user.country" value="IN"/>
    <property name="sun.boot.library.path" value="C:\Program Files\Java\jdk-17\bin"/>
    <property name="sun.java.command" value="C:\Users\Neural_Bridge_Ai_J\AppData\Local\Temp\surefire5345492173722387067\surefirebooter-20240907230010519_3.jar C:\Users\Neural_Bridge_Ai_J\AppData\Local\Temp\surefire5345492173722387067 2024-09-07T23-00-10_038-jvmRun1 surefire-20240907230010519_1tmp surefire_0-20240907230010519_2tmp"/>
    <property name="jdk.debug" value="release"/>
    <property name="surefire.test.class.path" value="D:\Back-end\SchoolManagementSystem-main\SchoolManagementSystem-main\target\test-classes;D:\Back-end\SchoolManagementSystem-main\SchoolManagementSystem-main\target\classes;C:\Users\Neural_Bridge_Ai_J\.m2\repository\org\hibernate\validator\hibernate-validator\8.0.1.Final\hibernate-validator-8.0.1.Final.jar;C:\Users\Neural_Bridge_Ai_J\.m2\repository\jakarta\validation\jakarta.validation-api\3.0.2\jakarta.validation-api-3.0.2.jar;C:\Users\Neural_Bridge_Ai_J\.m2\repository\org\jboss\logging\jboss-logging\3.5.3.Final\jboss-logging-3.5.3.Final.jar;C:\Users\Neural_Bridge_Ai_J\.m2\repository\com\fasterxml\classmate\1.6.0\classmate-1.6.0.jar;C:\Users\Neural_Bridge_Ai_J\.m2\repository\org\slf4j\slf4j-api\2.0.13\slf4j-api-2.0.13.jar;C:\Users\Neural_Bridge_Ai_J\.m2\repository\ch\qos\logback\logback-classic\1.4.14\logback-classic-1.4.14.jar;C:\Users\Neural_Bridge_Ai_J\.m2\repository\ch\qos\logback\logback-core\1.4.14\logback-core-1.4.14.jar;C:\Users\Neural_Bridge_Ai_J\.m2\repository\org\springframework\boot\spring-boot-starter-data-jpa\3.2.7\spring-boot-starter-data-jpa-3.2.7.jar;C:\Users\Neural_Bridge_Ai_J\.m2\repository\org\springframework\boot\spring-boot-starter-aop\3.2.7\spring-boot-starter-aop-3.2.7.jar;C:\Users\Neural_Bridge_Ai_J\.m2\repository\org\aspectj\aspectjweaver\1.9.22\aspectjweaver-1.9.22.jar;C:\Users\Neural_Bridge_Ai_J\.m2\repository\org\springframework\boot\spring-boot-starter-jdbc\3.2.7\spring-boot-starter-jdbc-3.2.7.jar;C:\Users\Neural_Bridge_Ai_J\.m2\repository\com\zaxxer\HikariCP\5.0.1\HikariCP-5.0.1.jar;C:\Users\Neural_Bridge_Ai_J\.m2\repository\org\springframework\spring-jdbc\6.1.10\spring-jdbc-6.1.10.jar;C:\Users\Neural_Bridge_Ai_J\.m2\repository\org\hibernate\orm\hibernate-core\6.4.9.Final\hibernate-core-6.4.9.Final.jar;C:\Users\Neural_Bridge_Ai_J\.m2\repository\jakarta\persistence\jakarta.persistence-api\3.1.0\jakarta.persistence-api-3.1.0.jar;C:\Users\Neural_Bridge_Ai_J\.m2\repository\jakarta\transaction\jakarta.transaction-api\2.0.1\jakarta.transaction-api-2.0.1.jar;C:\Users\Neural_Bridge_Ai_J\.m2\repository\org\hibernate\common\hibernate-commons-annotations\6.0.6.Final\hibernate-commons-annotations-6.0.6.Final.jar;C:\Users\Neural_Bridge_Ai_J\.m2\repository\io\smallrye\jandex\3.1.2\jandex-3.1.2.jar;C:\Users\Neural_Bridge_Ai_J\.m2\repository\net\bytebuddy\byte-buddy\1.14.17\byte-buddy-1.14.17.jar;C:\Users\Neural_Bridge_Ai_J\.m2\repository\org\glassfish\jaxb\jaxb-runtime\4.0.5\jaxb-runtime-4.0.5.jar;C:\Users\Neural_Bridge_Ai_J\.m2\repository\org\glassfish\jaxb\jaxb-core\4.0.5\jaxb-core-4.0.5.jar;C:\Users\Neural_Bridge_Ai_J\.m2\repository\org\eclipse\angus\angus-activation\2.0.2\angus-activation-2.0.2.jar;C:\Users\Neural_Bridge_Ai_J\.m2\repository\org\glassfish\jaxb\txw2\4.0.5\txw2-4.0.5.jar;C:\Users\Neural_Bridge_Ai_J\.m2\repository\com\sun\istack\istack-commons-runtime\4.1.2\istack-commons-runtime-4.1.2.jar;C:\Users\Neural_Bridge_Ai_J\.m2\repository\jakarta\inject\jakarta.inject-api\2.0.1\jakarta.inject-api-2.0.1.jar;C:\Users\Neural_Bridge_Ai_J\.m2\repository\org\antlr\antlr4-runtime\4.13.0\antlr4-runtime-4.13.0.jar;C:\Users\Neural_Bridge_Ai_J\.m2\repository\org\springframework\data\spring-data-jpa\3.2.7\spring-data-jpa-3.2.7.jar;C:\Users\Neural_Bridge_Ai_J\.m2\repository\org\springframework\data\spring-data-commons\3.2.7\spring-data-commons-3.2.7.jar;C:\Users\Neural_Bridge_Ai_J\.m2\repository\org\springframework\spring-orm\6.1.10\spring-orm-6.1.10.jar;C:\Users\Neural_Bridge_Ai_J\.m2\repository\org\springframework\spring-context\6.1.10\spring-context-6.1.10.jar;C:\Users\Neural_Bridge_Ai_J\.m2\repository\org\springframework\spring-tx\6.1.10\spring-tx-6.1.10.jar;C:\Users\Neural_Bridge_Ai_J\.m2\repository\org\springframework\spring-beans\6.1.10\spring-beans-6.1.10.jar;C:\Users\Neural_Bridge_Ai_J\.m2\repository\jakarta\annotation\jakarta.annotation-api\2.1.1\jakarta.annotation-api-2.1.1.jar;C:\Users\Neural_Bridge_Ai_J\.m2\repository\org\springframework\spring-aspects\6.1.10\spring-aspects-6.1.10.jar;C:\Users\Neural_Bridge_Ai_J\.m2\repository\org\springframework\boot\spring-boot-starter-security\3.2.7\spring-boot-starter-security-3.2.7.jar;C:\Users\Neural_Bridge_Ai_J\.m2\repository\org\springframework\boot\spring-boot-starter\3.2.7\spring-boot-starter-3.2.7.jar;C:\Users\Neural_Bridge_Ai_J\.m2\repository\org\springframework\boot\spring-boot-starter-logging\3.2.7\spring-boot-starter-logging-3.2.7.jar;C:\Users\Neural_Bridge_Ai_J\.m2\repository\org\apache\logging\log4j\log4j-to-slf4j\2.21.1\log4j-to-slf4j-2.21.1.jar;C:\Users\Neural_Bridge_Ai_J\.m2\repository\org\apache\logging\log4j\log4j-api\2.21.1\log4j-api-2.21.1.jar;C:\Users\Neural_Bridge_Ai_J\.m2\repository\org\slf4j\jul-to-slf4j\2.0.13\jul-to-slf4j-2.0.13.jar;C:\Users\Neural_Bridge_Ai_J\.m2\repository\org\yaml\snakeyaml\2.2\snakeyaml-2.2.jar;C:\Users\Neural_Bridge_Ai_J\.m2\repository\org\springframework\spring-aop\6.1.10\spring-aop-6.1.10.jar;C:\Users\Neural_Bridge_Ai_J\.m2\repository\org\springframework\security\spring-security-config\6.2.5\spring-security-config-6.2.5.jar;C:\Users\Neural_Bridge_Ai_J\.m2\repository\org\springframework\security\spring-security-web\6.2.5\spring-security-web-6.2.5.jar;C:\Users\Neural_Bridge_Ai_J\.m2\repository\org\springframework\spring-expression\6.1.10\spring-expression-6.1.10.jar;C:\Users\Neural_Bridge_Ai_J\.m2\repository\io\jsonwebtoken\jjwt-api\0.11.5\jjwt-api-0.11.5.jar;C:\Users\Neural_Bridge_Ai_J\.m2\repository\io\jsonwebtoken\jjwt-impl\0.11.5\jjwt-impl-0.11.5.jar;C:\Users\Neural_Bridge_Ai_J\.m2\repository\io\jsonwebtoken\jjwt-jackson\0.11.5\jjwt-jackson-0.11.5.jar;C:\Users\Neural_Bridge_Ai_J\.m2\repository\com\fasterxml\jackson\core\jackson-databind\2.15.4\jackson-databind-2.15.4.jar;C:\Users\Neural_Bridge_Ai_J\.m2\repository\com\fasterxml\jackson\core\jackson-annotations\2.15.4\jackson-annotations-2.15.4.jar;C:\Users\Neural_Bridge_Ai_J\.m2\repository\com\fasterxml\jackson\core\jackson-core\2.15.4\jackson-core-2.15.4.jar;C:\Users\Neural_Bridge_Ai_J\.m2\repository\org\springframework\boot\spring-boot-starter-web\3.2.7\spring-boot-starter-web-3.2.7.jar;C:\Users\Neural_Bridge_Ai_J\.m2\repository\org\springframework\boot\spring-boot-starter-json\3.2.7\spring-boot-starter-json-3.2.7.jar;C:\Users\Neural_Bridge_Ai_J\.m2\repository\com\fasterxml\jackson\datatype\jackson-datatype-jdk8\2.15.4\jackson-datatype-jdk8-2.15.4.jar;C:\Users\Neural_Bridge_Ai_J\.m2\repository\com\fasterxml\jackson\datatype\jackson-datatype-jsr310\2.15.4\jackson-datatype-jsr310-2.15.4.jar;C:\Users\Neural_Bridge_Ai_J\.m2\repository\com\fasterxml\jackson\module\jackson-module-parameter-names\2.15.4\jackson-module-parameter-names-2.15.4.jar;C:\Users\Neural_Bridge_Ai_J\.m2\repository\org\springframework\boot\spring-boot-starter-tomcat\3.2.7\spring-boot-starter-tomcat-3.2.7.jar;C:\Users\Neural_Bridge_Ai_J\.m2\repository\org\apache\tomcat\embed\tomcat-embed-core\10.1.25\tomcat-embed-core-10.1.25.jar;C:\Users\Neural_Bridge_Ai_J\.m2\repository\org\apache\tomcat\embed\tomcat-embed-el\10.1.25\tomcat-embed-el-10.1.25.jar;C:\Users\Neural_Bridge_Ai_J\.m2\repository\org\apache\tomcat\embed\tomcat-embed-websocket\10.1.25\tomcat-embed-websocket-10.1.25.jar;C:\Users\Neural_Bridge_Ai_J\.m2\repository\org\springframework\spring-web\6.1.10\spring-web-6.1.10.jar;C:\Users\Neural_Bridge_Ai_J\.m2\repository\io\micrometer\micrometer-observation\1.12.7\micrometer-observation-1.12.7.jar;C:\Users\Neural_Bridge_Ai_J\.m2\repository\io\micrometer\micrometer-commons\1.12.7\micrometer-commons-1.12.7.jar;C:\Users\Neural_Bridge_Ai_J\.m2\repository\org\springframework\spring-webmvc\6.1.10\spring-webmvc-6.1.10.jar;C:\Users\Neural_Bridge_Ai_J\.m2\repository\org\springframework\boot\spring-boot-devtools\3.2.7\spring-boot-devtools-3.2.7.jar;C:\Users\Neural_Bridge_Ai_J\.m2\repository\org\springframework\boot\spring-boot\3.2.7\spring-boot-3.2.7.jar;C:\Users\Neural_Bridge_Ai_J\.m2\repository\org\springframework\boot\spring-boot-autoconfigure\3.2.7\spring-boot-autoconfigure-3.2.7.jar;C:\Users\Neural_Bridge_Ai_J\.m2\repository\mysql\mysql-connector-java\8.0.30\mysql-connector-java-8.0.30.jar;C:\Users\Neural_Bridge_Ai_J\.m2\repository\com\google\protobuf\protobuf-java\3.19.4\protobuf-java-3.19.4.jar;C:\Users\Neural_Bridge_Ai_J\.m2\repository\org\projectlombok\lombok\1.18.32\lombok-1.18.32.jar;C:\Users\Neural_Bridge_Ai_J\.m2\repository\org\springframework\boot\spring-boot-starter-test\3.2.7\spring-boot-starter-test-3.2.7.jar;C:\Users\Neural_Bridge_Ai_J\.m2\repository\org\springframework\boot\spring-boot-test\3.2.7\spring-boot-test-3.2.7.jar;C:\Users\Neural_Bridge_Ai_J\.m2\repository\org\springframework\boot\spring-boot-test-autoconfigure\3.2.7\spring-boot-test-autoconfigure-3.2.7.jar;C:\Users\Neural_Bridge_Ai_J\.m2\repository\com\jayway\jsonpath\json-path\2.9.0\json-path-2.9.0.jar;C:\Users\Neural_Bridge_Ai_J\.m2\repository\jakarta\xml\bind\jakarta.xml.bind-api\4.0.2\jakarta.xml.bind-api-4.0.2.jar;C:\Users\Neural_Bridge_Ai_J\.m2\repository\jakarta\activation\jakarta.activation-api\2.1.3\jakarta.activation-api-2.1.3.jar;C:\Users\Neural_Bridge_Ai_J\.m2\repository\net\minidev\json-smart\2.5.1\json-smart-2.5.1.jar;C:\Users\Neural_Bridge_Ai_J\.m2\repository\net\minidev\accessors-smart\2.5.1\accessors-smart-2.5.1.jar;C:\Users\Neural_Bridge_Ai_J\.m2\repository\org\ow2\asm\asm\9.6\asm-9.6.jar;C:\Users\Neural_Bridge_Ai_J\.m2\repository\org\assertj\assertj-core\3.24.2\assertj-core-3.24.2.jar;C:\Users\Neural_Bridge_Ai_J\.m2\repository\org\awaitility\awaitility\4.2.1\awaitility-4.2.1.jar;C:\Users\Neural_Bridge_Ai_J\.m2\repository\org\hamcrest\hamcrest\2.2\hamcrest-2.2.jar;C:\Users\Neural_Bridge_Ai_J\.m2\repository\org\junit\jupiter\junit-jupiter\5.10.2\junit-jupiter-5.10.2.jar;C:\Users\Neural_Bridge_Ai_J\.m2\repository\org\junit\jupiter\junit-jupiter-api\5.10.2\junit-jupiter-api-5.10.2.jar;C:\Users\Neural_Bridge_Ai_J\.m2\repository\org\opentest4j\opentest4j\1.3.0\opentest4j-1.3.0.jar;C:\Users\Neural_Bridge_Ai_J\.m2\repository\org\junit\platform\junit-platform-commons\1.10.2\junit-platform-commons-1.10.2.jar;C:\Users\Neural_Bridge_Ai_J\.m2\repository\org\apiguardian\apiguardian-api\1.1.2\apiguardian-api-1.1.2.jar;C:\Users\Neural_Bridge_Ai_J\.m2\repository\org\junit\jupiter\junit-jupiter-params\5.10.2\junit-jupiter-params-5.10.2.jar;C:\Users\Neural_Bridge_Ai_J\.m2\repository\org\junit\jupiter\junit-jupiter-engine\5.10.2\junit-jupiter-engine-5.10.2.jar;C:\Users\Neural_Bridge_Ai_J\.m2\repository\org\junit\platform\junit-platform-engine\1.10.2\junit-platform-engine-1.10.2.jar;C:\Users\Neural_Bridge_Ai_J\.m2\repository\org\mockito\mockito-core\5.7.0\mockito-core-5.7.0.jar;C:\Users\Neural_Bridge_Ai_J\.m2\repository\net\bytebuddy\byte-buddy-agent\1.14.17\byte-buddy-agent-1.14.17.jar;C:\Users\Neural_Bridge_Ai_J\.m2\repository\org\objenesis\objenesis\3.3\objenesis-3.3.jar;C:\Users\Neural_Bridge_Ai_J\.m2\repository\org\mockito\mockito-junit-jupiter\5.7.0\mockito-junit-jupiter-5.7.0.jar;C:\Users\Neural_Bridge_Ai_J\.m2\repository\org\skyscreamer\jsonassert\1.5.1\jsonassert-1.5.1.jar;C:\Users\Neural_Bridge_Ai_J\.m2\repository\com\vaadin\external\google\android-json\0.0.20131108.vaadin1\android-json-0.0.20131108.vaadin1.jar;C:\Users\Neural_Bridge_Ai_J\.m2\repository\org\springframework\spring-core\6.1.10\spring-core-6.1.10.jar;C:\Users\Neural_Bridge_Ai_J\.m2\repository\org\springframework\spring-jcl\6.1.10\spring-jcl-6.1.10.jar;C:\Users\Neural_Bridge_Ai_J\.m2\repository\org\springframework\spring-test\6.1.10\spring-test-6.1.10.jar;C:\Users\Neural_Bridge_Ai_J\.m2\repository\org\xmlunit\xmlunit-core\2.9.1\xmlunit-core-2.9.1.jar;C:\Users\Neural_Bridge_Ai_J\.m2\repository\org\springframework\security\spring-security-test\6.2.5\spring-security-test-6.2.5.jar;C:\Users\Neural_Bridge_Ai_J\.m2\repository\org\springframework\security\spring-security-core\6.2.5\spring-security-core-6.2.5.jar;C:\Users\Neural_Bridge_Ai_J\.m2\repository\org\springframework\security\spring-security-crypto\6.2.5\spring-security-crypto-6.2.5.jar;C:\Users\Neural_Bridge_Ai_J\.m2\repository\com\microsoft\sqlserver\mssql-jdbc\12.4.2.jre11\mssql-jdbc-12.4.2.jre11.jar;"/>
    <property name="sun.cpu.endian" value="little"/>
    <property name="user.home" value="C:\Users\Neural_Bridge_Ai_J"/>
    <property name="user.language" value="en"/>
    <property name="java.specification.vendor" value="Oracle Corporation"/>
    <property name="java.version.date" value="2024-07-16"/>
    <property name="java.home" value="C:\Program Files\Java\jdk-17"/>
    <property name="file.separator" value="\"/>
    <property name="style.color" value="always"/>
    <property name="basedir" value="D:\Back-end\SchoolManagementSystem-main\SchoolManagementSystem-main"/>
    <property name="java.vm.compressedOopsMode" value="32-bit"/>
    <property name="line.separator" value="&#10;"/>
    <property name="java.vm.specification.vendor" value="Oracle Corporation"/>
    <property name="java.specification.name" value="Java Platform API Specification"/>
    <property name="FILE_LOG_CHARSET" value="windows-1252"/>
    <property name="java.awt.headless" value="true"/>
    <property name="surefire.real.class.path" value="C:\Users\Neural_Bridge_Ai_J\AppData\Local\Temp\surefire5345492173722387067\surefirebooter-20240907230010519_3.jar"/>
    <property name="user.script" value=""/>
    <property name="sun.management.compiler" value="HotSpot 64-Bit Tiered Compilers"/>
    <property name="java.runtime.version" value="17.0.12+8-LTS-286"/>
    <property name="user.name" value="Neural_Bridge_Ai_J"/>
    <property name="path.separator" value=";"/>
    <property name="os.version" value="10.0"/>
    <property name="java.runtime.name" value="Java(TM) SE Runtime Environment"/>
    <property name="file.encoding" value="Cp1252"/>
    <property name="java.vm.name" value="Java HotSpot(TM) 64-Bit Server VM"/>
    <property name="localRepository" value="C:\Users\Neural_Bridge_Ai_J\.m2\repository"/>
    <property name="java.vendor.url.bug" value="https://bugreport.java.com/bugreport/"/>
    <property name="java.io.tmpdir" value="C:\Users\NEURAL~1\AppData\Local\Temp\"/>
    <property name="com.zaxxer.hikari.pool_number" value="1"/>
    <property name="java.version" value="17.0.12"/>
    <property name="user.dir" value="D:\Back-end\SchoolManagementSystem-main\SchoolManagementSystem-main"/>
    <property name="os.arch" value="amd64"/>
    <property name="java.vm.specification.name" value="Java Virtual Machine Specification"/>
    <property name="PID" value="8232"/>
    <property name="sun.os.patch.level" value=""/>
    <property name="CONSOLE_LOG_CHARSET" value="windows-1252"/>
    <property name="native.encoding" value="Cp1252"/>
    <property name="java.library.path" value="C:\Program Files\Java\jdk-17\bin;C:\Windows\Sun\Java\bin;C:\Windows\system32;C:\Windows;D:/Back-end/sts-4.24.0.RELEASE//plugins/org.eclipse.justj.openjdk.hotspot.jre.full.win32.x86_64_21.0.3.v20240426-1530/jre/bin/server;D:/Back-end/sts-4.24.0.RELEASE//plugins/org.eclipse.justj.openjdk.hotspot.jre.full.win32.x86_64_21.0.3.v20240426-1530/jre/bin;C:\Program Files\Common Files\Oracle\Java\javapath;C:\Program Files (x86)\Common Files\Oracle\Java\java8path;C:\Program Files (x86)\Common Files\Oracle\Java\javapath;C:\Windows\system32;C:\Windows;C:\Windows\System32\Wbem;C:\Windows\System32\WindowsPowerShell\v1.0\;C:\Windows\System32\OpenSSH\;D:\ofbiz\Software\gradle-5.0-all\gradle-5.0\bin;C:\Program Files\Java\jdk-17\bin;C:\Program Files\nodejs\;C:\Program Files\PowerShell\7\;C:\Program Files\Docker\Docker\resources\bin;C:\Program Files\MySQL\MySQL Shell 8.0\bin\;C:\Users\Neural_Bridge_Ai_J\AppData\Local\Microsoft\WindowsApps;;C:\Users\Neural_Bridge_Ai_J\AppData\Local\JetBrains\IntelliJ IDEA Community Edition 2024.1.4\bin;;C:\Users\Neural_Bridge_Ai_J\AppData\Local\Programs\Microsoft VS Code\bin;C:\Users\Neural_Bridge_Ai_J\AppData\Roaming\npm;D:\Back-end\sts-4.24.0.RELEASE;;."/>
    <property name="java.vm.info" value="mixed mode, sharing"/>
    <property name="java.vendor" value="Oracle Corporation"/>
    <property name="java.vm.version" value="17.0.12+8-LTS-286"/>
    <property name="sun.io.unicode.encoding" value="UnicodeLittle"/>
    <property name="java.class.version" value="61.0"/>
  </properties>
  <testcase name="contextLoads" classname="com.School.SchoolManagementSystemApplicationTests" time="1.149">
    <system-out><![CDATA[23:00:12.381 [main] INFO org.springframework.test.context.support.AnnotationConfigContextLoaderUtils -- Could not detect default configuration classes for test class [com.School.SchoolManagementSystemApplicationTests]: SchoolManagementSystemApplicationTests does not declare any static, non-private, non-final, nested classes annotated with @Configuration.
23:00:12.618 [main] INFO org.springframework.boot.test.context.SpringBootTestContextBootstrapper -- Found @SpringBootConfiguration com.School.SchoolManagementSystemApplication for test class com.School.SchoolManagementSystemApplicationTests
23:00:13.022 [main] INFO org.springframework.boot.devtools.restart.RestartApplicationListener -- Restart disabled due to context in which it is running

  .   ____          _            __ _ _
 /\\ / ___'_ __ _ _(_)_ __  __ _ \ \ \ \
( ( )\___ | '_ | '_| | '_ \/ _` | \ \ \ \
 \\/  ___)| |_)| | | | | || (_| |  ) ) ) )
  '  |____| .__|_| |_|_| |_\__, | / / / /
 =========|_|==============|___/=/_/_/_/
 :: Spring Boot ::                (v3.2.7)

2024-09-07T23:00:13.757+05:30  INFO 8232 --- [           main] S.SchoolManagementSystemApplicationTests : Starting SchoolManagementSystemApplicationTests using Java 17.0.12 with PID 8232 (started by Neural_Bridge_Ai_J in D:\Back-end\SchoolManagementSystem-main\SchoolManagementSystem-main)
2024-09-07T23:00:13.760+05:30  INFO 8232 --- [           main] S.SchoolManagementSystemApplicationTests : No active profile set, falling back to 1 default profile: "default"
2024-09-07T23:00:16.106+05:30  INFO 8232 --- [           main] .s.d.r.c.RepositoryConfigurationDelegate : Bootstrapping Spring Data JPA repositories in DEFAULT mode.
2024-09-07T23:00:16.310+05:30  INFO 8232 --- [           main] .s.d.r.c.RepositoryConfigurationDelegate : Finished Spring Data repository scanning in 179 ms. Found 2 JPA repository interfaces.
2024-09-07T23:00:17.746+05:30  INFO 8232 --- [           main] o.hibernate.jpa.internal.util.LogHelper  : HHH000204: Processing PersistenceUnitInfo [name: default]
2024-09-07T23:00:17.908+05:30  INFO 8232 --- [           main] org.hibernate.Version                    : HHH000412: Hibernate ORM core version 6.4.9.Final
2024-09-07T23:00:18.017+05:30  INFO 8232 --- [           main] o.h.c.internal.RegionFactoryInitiator    : HHH000026: Second-level cache disabled
2024-09-07T23:00:18.761+05:30  INFO 8232 --- [           main] o.s.o.j.p.SpringPersistenceUnitInfo      : No LoadTimeWeaver setup: ignoring JPA class transformer
2024-09-07T23:00:18.827+05:30  INFO 8232 --- [           main] com.zaxxer.hikari.HikariDataSource       : HikariPool-1 - Starting...
2024-09-07T23:00:22.718+05:30  INFO 8232 --- [           main] com.zaxxer.hikari.pool.HikariPool        : HikariPool-1 - Added connection com.mysql.cj.jdbc.ConnectionImpl@5fe5c68b
2024-09-07T23:00:22.727+05:30  INFO 8232 --- [           main] com.zaxxer.hikari.HikariDataSource       : HikariPool-1 - Start completed.
2024-09-07T23:00:25.192+05:30  INFO 8232 --- [           main] o.h.e.t.j.p.i.JtaPlatformInitiator       : HHH000489: No JTA platform available (set 'hibernate.transaction.jta.platform' to enable JTA platform integration)
2024-09-07T23:00:27.170+05:30  INFO 8232 --- [           main] j.LocalContainerEntityManagerFactoryBean : Initialized JPA EntityManagerFactory for persistence unit 'default'
2024-09-07T23:00:27.810+05:30 DEBUG 8232 --- [           main] o.s.d.jpa.repository.query.NamedQuery    : Looking up named query Student.existsByRollNo
2024-09-07T23:00:27.815+05:30 DEBUG 8232 --- [           main] o.s.d.jpa.repository.query.NamedQuery    : Did not find named query Student.existsByRollNo
2024-09-07T23:00:27.968+05:30 DEBUG 8232 --- [           main] o.s.d.jpa.repository.query.NamedQuery    : Looking up named query Student.findByRollNo
2024-09-07T23:00:27.969+05:30 DEBUG 8232 --- [           main] o.s.d.jpa.repository.query.NamedQuery    : Did not find named query Student.findByRollNo
2024-09-07T23:00:27.973+05:30 DEBUG 8232 --- [           main] o.s.d.jpa.repository.query.NamedQuery    : Looking up named query Student.findByStandard
2024-09-07T23:00:27.975+05:30 DEBUG 8232 --- [           main] o.s.d.jpa.repository.query.NamedQuery    : Did not find named query Student.findByStandard
2024-09-07T23:00:28.000+05:30  INFO 8232 --- [           main] o.s.d.j.r.query.QueryEnhancerFactory     : Hibernate is in classpath; If applicable, HQL parser will be used.
2024-09-07T23:00:28.411+05:30 DEBUG 8232 --- [           main] o.s.d.jpa.repository.query.NamedQuery    : Did not find named query Student.deleteByRollNo.count
2024-09-07T23:00:28.898+05:30 DEBUG 8232 --- [           main] o.s.d.jpa.repository.query.NamedQuery    : Looking up named query User.findByEmail
2024-09-07T23:00:28.899+05:30 DEBUG 8232 --- [           main] o.s.d.jpa.repository.query.NamedQuery    : Did not find named query User.findByEmail
2024-09-07T23:00:29.970+05:30  INFO 8232 --- [           main] o.s.s.web.DefaultSecurityFilterChain     : Will secure any request with [org.springframework.security.web.session.DisableEncodeUrlFilter@2e5dea22, org.springframework.security.web.context.request.async.WebAsyncManagerIntegrationFilter@4fd8aefe, org.springframework.security.web.context.SecurityContextHolderFilter@1676e501, org.springframework.security.web.header.HeaderWriterFilter@66d62c59, org.springframework.web.filter.CorsFilter@4a59d584, org.springframework.security.web.authentication.logout.LogoutFilter@4caca86d, com.School.SecurityConfig.JwtAuthFilter@7fd7965b, org.springframework.security.web.savedrequest.RequestCacheAwareFilter@7f39bcb5, org.springframework.security.web.servletapi.SecurityContextHolderAwareRequestFilter@2acfd27b, org.springframework.security.web.authentication.AnonymousAuthenticationFilter@60abe420, org.springframework.security.web.session.SessionManagementFilter@13c36d48, org.springframework.security.web.access.ExceptionTranslationFilter@68596992, org.springframework.security.web.access.intercept.AuthorizationFilter@2cc9a5a2]
2024-09-07T23:00:30.850+05:30  INFO 8232 --- [           main] S.SchoolManagementSystemApplicationTests : Started SchoolManagementSystemApplicationTests in 17.861 seconds (process running for 20.035)
]]></system-out>
  </testcase>
</testsuite>